2014-05-05T10:02:55+00:00 ERR (3): Warning: simplexml_load_string(): Entity: line 15: parser error : Opening and ending tag mismatch: family line 10 and mymod  in C:\xampp\htdocs\onlinesales\lib\Varien\Simplexml\Config.php on line 510
2014-05-05T10:02:55+00:00 ERR (3): Warning: simplexml_load_string():             &lt;/mymod&gt;  in C:\xampp\htdocs\onlinesales\lib\Varien\Simplexml\Config.php on line 510
2014-05-05T10:02:55+00:00 ERR (3): Warning: simplexml_load_string():                     ^  in C:\xampp\htdocs\onlinesales\lib\Varien\Simplexml\Config.php on line 510
2014-05-05T10:02:58+00:00 ERR (3): Warning: simplexml_load_string(): Entity: line 15: parser error : Opening and ending tag mismatch: family line 10 and mymod  in C:\xampp\htdocs\onlinesales\lib\Varien\Simplexml\Config.php on line 510
2014-05-05T10:02:58+00:00 ERR (3): Warning: simplexml_load_string():             &lt;/mymod&gt;  in C:\xampp\htdocs\onlinesales\lib\Varien\Simplexml\Config.php on line 510
2014-05-05T10:02:58+00:00 ERR (3): Warning: simplexml_load_string():                     ^  in C:\xampp\htdocs\onlinesales\lib\Varien\Simplexml\Config.php on line 510
2014-05-05T10:03:06+00:00 ERR (3): Warning: simplexml_load_string(): Entity: line 15: parser error : Opening and ending tag mismatch: family line 10 and mymod  in C:\xampp\htdocs\onlinesales\lib\Varien\Simplexml\Config.php on line 510
2014-05-05T10:03:06+00:00 ERR (3): Warning: simplexml_load_string():             &lt;/mymod&gt;  in C:\xampp\htdocs\onlinesales\lib\Varien\Simplexml\Config.php on line 510
2014-05-05T10:03:06+00:00 ERR (3): Warning: simplexml_load_string():                     ^  in C:\xampp\htdocs\onlinesales\lib\Varien\Simplexml\Config.php on line 510
2014-05-05T10:03:39+00:00 ERR (3): Warning: simplexml_load_string(): Entity: line 15: parser error : Opening and ending tag mismatch: family line 10 and mymod  in C:\xampp\htdocs\onlinesales\lib\Varien\Simplexml\Config.php on line 510
2014-05-05T10:03:39+00:00 ERR (3): Warning: simplexml_load_string():             &lt;/mymod&gt;  in C:\xampp\htdocs\onlinesales\lib\Varien\Simplexml\Config.php on line 510
2014-05-05T10:03:39+00:00 ERR (3): Warning: simplexml_load_string():                     ^  in C:\xampp\htdocs\onlinesales\lib\Varien\Simplexml\Config.php on line 510
2014-05-05T10:03:45+00:00 ERR (3): Warning: simplexml_load_string(): Entity: line 15: parser error : Opening and ending tag mismatch: family line 10 and mymod  in C:\xampp\htdocs\onlinesales\lib\Varien\Simplexml\Config.php on line 510
2014-05-05T10:03:45+00:00 ERR (3): Warning: simplexml_load_string():             &lt;/mymod&gt;  in C:\xampp\htdocs\onlinesales\lib\Varien\Simplexml\Config.php on line 510
2014-05-05T10:03:45+00:00 ERR (3): Warning: simplexml_load_string():                     ^  in C:\xampp\htdocs\onlinesales\lib\Varien\Simplexml\Config.php on line 510
2014-05-05T10:04:35+00:00 ERR (3): Warning: simplexml_load_string(): Entity: line 15: parser error : Opening and ending tag mismatch: family line 10 and mymod  in C:\xampp\htdocs\onlinesales\lib\Varien\Simplexml\Config.php on line 510
2014-05-05T10:04:35+00:00 ERR (3): Warning: simplexml_load_string():             &lt;/mymod&gt;  in C:\xampp\htdocs\onlinesales\lib\Varien\Simplexml\Config.php on line 510
2014-05-05T10:04:35+00:00 ERR (3): Warning: simplexml_load_string():                     ^  in C:\xampp\htdocs\onlinesales\lib\Varien\Simplexml\Config.php on line 510
2014-05-05T10:04:40+00:00 ERR (3): Warning: simplexml_load_string(): Entity: line 15: parser error : Opening and ending tag mismatch: family line 10 and mymod  in C:\xampp\htdocs\onlinesales\lib\Varien\Simplexml\Config.php on line 510
2014-05-05T10:04:40+00:00 ERR (3): Warning: simplexml_load_string():             &lt;/mymod&gt;  in C:\xampp\htdocs\onlinesales\lib\Varien\Simplexml\Config.php on line 510
2014-05-05T10:04:40+00:00 ERR (3): Warning: simplexml_load_string():                     ^  in C:\xampp\htdocs\onlinesales\lib\Varien\Simplexml\Config.php on line 510
2014-05-05T10:04:57+00:00 ERR (3): Warning: simplexml_load_string(): Entity: line 15: parser error : Opening and ending tag mismatch: family line 10 and mymod  in C:\xampp\htdocs\onlinesales\lib\Varien\Simplexml\Config.php on line 510
2014-05-05T10:04:57+00:00 ERR (3): Warning: simplexml_load_string():             &lt;/mymod&gt;  in C:\xampp\htdocs\onlinesales\lib\Varien\Simplexml\Config.php on line 510
2014-05-05T10:04:57+00:00 ERR (3): Warning: simplexml_load_string():                     ^  in C:\xampp\htdocs\onlinesales\lib\Varien\Simplexml\Config.php on line 510
2014-05-05T10:04:57+00:00 ERR (3): Warning: simplexml_load_string(): Entity: line 15: parser error : Opening and ending tag mismatch: family line 10 and mymod  in C:\xampp\htdocs\onlinesales\lib\Varien\Simplexml\Config.php on line 510
2014-05-05T10:04:57+00:00 ERR (3): Warning: simplexml_load_string():             &lt;/mymod&gt;  in C:\xampp\htdocs\onlinesales\lib\Varien\Simplexml\Config.php on line 510
2014-05-05T10:04:57+00:00 ERR (3): Warning: simplexml_load_string():                     ^  in C:\xampp\htdocs\onlinesales\lib\Varien\Simplexml\Config.php on line 510
2014-05-05T10:04:57+00:00 ERR (3): Warning: simplexml_load_string(): Entity: line 15: parser error : Opening and ending tag mismatch: family line 10 and mymod  in C:\xampp\htdocs\onlinesales\lib\Varien\Simplexml\Config.php on line 510
2014-05-05T10:04:57+00:00 ERR (3): Warning: simplexml_load_string():             &lt;/mymod&gt;  in C:\xampp\htdocs\onlinesales\lib\Varien\Simplexml\Config.php on line 510
2014-05-05T10:04:57+00:00 ERR (3): Warning: simplexml_load_string():                     ^  in C:\xampp\htdocs\onlinesales\lib\Varien\Simplexml\Config.php on line 510
2014-05-05T10:04:57+00:00 ERR (3): Warning: simplexml_load_string(): Entity: line 15: parser error : Opening and ending tag mismatch: family line 10 and mymod  in C:\xampp\htdocs\onlinesales\lib\Varien\Simplexml\Config.php on line 510
2014-05-05T10:04:57+00:00 ERR (3): Warning: simplexml_load_string():             &lt;/mymod&gt;  in C:\xampp\htdocs\onlinesales\lib\Varien\Simplexml\Config.php on line 510
2014-05-05T10:04:57+00:00 ERR (3): Warning: simplexml_load_string():                     ^  in C:\xampp\htdocs\onlinesales\lib\Varien\Simplexml\Config.php on line 510
2014-05-05T10:05:29+00:00 ERR (3): Warning: simplexml_load_string(): Entity: line 15: parser error : Opening and ending tag mismatch: family line 10 and mymod  in C:\xampp\htdocs\onlinesales\lib\Varien\Simplexml\Config.php on line 510
2014-05-05T10:05:29+00:00 ERR (3): Warning: simplexml_load_string():             &lt;/mymod&gt;  in C:\xampp\htdocs\onlinesales\lib\Varien\Simplexml\Config.php on line 510
2014-05-05T10:05:29+00:00 ERR (3): Warning: simplexml_load_string():                     ^  in C:\xampp\htdocs\onlinesales\lib\Varien\Simplexml\Config.php on line 510
2014-05-05T10:06:46+00:00 ERR (3): Warning: simplexml_load_string(): Entity: line 15: parser error : Opening and ending tag mismatch: family line 10 and mymod  in C:\xampp\htdocs\onlinesales\lib\Varien\Simplexml\Config.php on line 510
2014-05-05T10:06:46+00:00 ERR (3): Warning: simplexml_load_string():             &lt;/mymod&gt;  in C:\xampp\htdocs\onlinesales\lib\Varien\Simplexml\Config.php on line 510
2014-05-05T10:06:46+00:00 ERR (3): Warning: simplexml_load_string():                     ^  in C:\xampp\htdocs\onlinesales\lib\Varien\Simplexml\Config.php on line 510
2014-05-05T10:06:54+00:00 ERR (3): Warning: simplexml_load_string(): Entity: line 15: parser error : Opening and ending tag mismatch: family line 10 and mymod  in C:\xampp\htdocs\onlinesales\lib\Varien\Simplexml\Config.php on line 510
2014-05-05T10:06:54+00:00 ERR (3): Warning: simplexml_load_string():             &lt;/mymod&gt;  in C:\xampp\htdocs\onlinesales\lib\Varien\Simplexml\Config.php on line 510
2014-05-05T10:06:54+00:00 ERR (3): Warning: simplexml_load_string():                     ^  in C:\xampp\htdocs\onlinesales\lib\Varien\Simplexml\Config.php on line 510
2014-05-05T10:06:57+00:00 ERR (3): Warning: simplexml_load_string(): Entity: line 15: parser error : Opening and ending tag mismatch: family line 10 and mymod  in C:\xampp\htdocs\onlinesales\lib\Varien\Simplexml\Config.php on line 510
2014-05-05T10:06:57+00:00 ERR (3): Warning: simplexml_load_string():             &lt;/mymod&gt;  in C:\xampp\htdocs\onlinesales\lib\Varien\Simplexml\Config.php on line 510
2014-05-05T10:06:57+00:00 ERR (3): Warning: simplexml_load_string():                     ^  in C:\xampp\htdocs\onlinesales\lib\Varien\Simplexml\Config.php on line 510
2014-05-05T10:07:12+00:00 ERR (3): Warning: simplexml_load_string(): Entity: line 15: parser error : Opening and ending tag mismatch: family line 10 and mymod  in C:\xampp\htdocs\onlinesales\lib\Varien\Simplexml\Config.php on line 510
2014-05-05T10:07:12+00:00 ERR (3): Warning: simplexml_load_string():             &lt;/mymod&gt;  in C:\xampp\htdocs\onlinesales\lib\Varien\Simplexml\Config.php on line 510
2014-05-05T10:07:12+00:00 ERR (3): Warning: simplexml_load_string():                     ^  in C:\xampp\htdocs\onlinesales\lib\Varien\Simplexml\Config.php on line 510
2014-05-05T10:07:13+00:00 ERR (3): Warning: simplexml_load_string(): Entity: line 15: parser error : Opening and ending tag mismatch: family line 10 and mymod  in C:\xampp\htdocs\onlinesales\lib\Varien\Simplexml\Config.php on line 510
2014-05-05T10:07:13+00:00 ERR (3): Warning: simplexml_load_string():             &lt;/mymod&gt;  in C:\xampp\htdocs\onlinesales\lib\Varien\Simplexml\Config.php on line 510
2014-05-05T10:07:13+00:00 ERR (3): Warning: simplexml_load_string():                     ^  in C:\xampp\htdocs\onlinesales\lib\Varien\Simplexml\Config.php on line 510
2014-05-05T10:07:39+00:00 ERR (3): Warning: simplexml_load_string(): Entity: line 15: parser error : Opening and ending tag mismatch: family line 10 and mymod  in C:\xampp\htdocs\onlinesales\lib\Varien\Simplexml\Config.php on line 510
2014-05-05T10:07:39+00:00 ERR (3): Warning: simplexml_load_string():             &lt;/mymod&gt;  in C:\xampp\htdocs\onlinesales\lib\Varien\Simplexml\Config.php on line 510
2014-05-05T10:07:39+00:00 ERR (3): Warning: simplexml_load_string():                     ^  in C:\xampp\htdocs\onlinesales\lib\Varien\Simplexml\Config.php on line 510
2014-05-05T10:07:41+00:00 ERR (3): Warning: simplexml_load_string(): Entity: line 15: parser error : Opening and ending tag mismatch: family line 10 and mymod  in C:\xampp\htdocs\onlinesales\lib\Varien\Simplexml\Config.php on line 510
2014-05-05T10:07:41+00:00 ERR (3): Warning: simplexml_load_string():             &lt;/mymod&gt;  in C:\xampp\htdocs\onlinesales\lib\Varien\Simplexml\Config.php on line 510
2014-05-05T10:07:41+00:00 ERR (3): Warning: simplexml_load_string():                     ^  in C:\xampp\htdocs\onlinesales\lib\Varien\Simplexml\Config.php on line 510
2014-05-05T10:08:45+00:00 ERR (3): Warning: simplexml_load_string(): Entity: line 15: parser error : Opening and ending tag mismatch: family line 10 and mymod  in C:\xampp\htdocs\onlinesales\lib\Varien\Simplexml\Config.php on line 510
2014-05-05T10:08:45+00:00 ERR (3): Warning: simplexml_load_string():             &lt;/mymod&gt;  in C:\xampp\htdocs\onlinesales\lib\Varien\Simplexml\Config.php on line 510
2014-05-05T10:08:45+00:00 ERR (3): Warning: simplexml_load_string():                     ^  in C:\xampp\htdocs\onlinesales\lib\Varien\Simplexml\Config.php on line 510
2014-05-05T10:08:56+00:00 ERR (3): Warning: simplexml_load_string(): Entity: line 15: parser error : Opening and ending tag mismatch: family line 10 and mymod  in C:\xampp\htdocs\onlinesales\lib\Varien\Simplexml\Config.php on line 510
2014-05-05T10:08:56+00:00 ERR (3): Warning: simplexml_load_string():             &lt;/mymod&gt;  in C:\xampp\htdocs\onlinesales\lib\Varien\Simplexml\Config.php on line 510
2014-05-05T10:08:56+00:00 ERR (3): Warning: simplexml_load_string():                     ^  in C:\xampp\htdocs\onlinesales\lib\Varien\Simplexml\Config.php on line 510
2014-05-05T10:08:58+00:00 ERR (3): Warning: simplexml_load_string(): Entity: line 15: parser error : Opening and ending tag mismatch: family line 10 and mymod  in C:\xampp\htdocs\onlinesales\lib\Varien\Simplexml\Config.php on line 510
2014-05-05T10:08:58+00:00 ERR (3): Warning: simplexml_load_string():             &lt;/mymod&gt;  in C:\xampp\htdocs\onlinesales\lib\Varien\Simplexml\Config.php on line 510
2014-05-05T10:08:58+00:00 ERR (3): Warning: simplexml_load_string():                     ^  in C:\xampp\htdocs\onlinesales\lib\Varien\Simplexml\Config.php on line 510
2014-05-05T10:09:25+00:00 ERR (3): Warning: simplexml_load_string(): Entity: line 15: parser error : Opening and ending tag mismatch: family line 10 and mymod  in C:\xampp\htdocs\onlinesales\lib\Varien\Simplexml\Config.php on line 510
2014-05-05T10:09:25+00:00 ERR (3): Warning: simplexml_load_string():             &lt;/mymod&gt;  in C:\xampp\htdocs\onlinesales\lib\Varien\Simplexml\Config.php on line 510
2014-05-05T10:09:25+00:00 ERR (3): Warning: simplexml_load_string():                     ^  in C:\xampp\htdocs\onlinesales\lib\Varien\Simplexml\Config.php on line 510
2014-05-05T10:13:06+00:00 ERR (3): Warning: simplexml_load_string(): Entity: line 15: parser error : Opening and ending tag mismatch: family line 10 and mymod  in C:\xampp\htdocs\onlinesales\lib\Varien\Simplexml\Config.php on line 510
2014-05-05T10:13:06+00:00 ERR (3): Warning: simplexml_load_string():             &lt;/mymod&gt;  in C:\xampp\htdocs\onlinesales\lib\Varien\Simplexml\Config.php on line 510
2014-05-05T10:13:06+00:00 ERR (3): Warning: simplexml_load_string():                     ^  in C:\xampp\htdocs\onlinesales\lib\Varien\Simplexml\Config.php on line 510
2014-05-05T10:13:42+00:00 ERR (3): Warning: simplexml_load_string(): Entity: line 15: parser error : Opening and ending tag mismatch: family line 10 and mymod  in C:\xampp\htdocs\onlinesales\lib\Varien\Simplexml\Config.php on line 510
2014-05-05T10:13:42+00:00 ERR (3): Warning: simplexml_load_string():             &lt;/mymod&gt;  in C:\xampp\htdocs\onlinesales\lib\Varien\Simplexml\Config.php on line 510
2014-05-05T10:13:42+00:00 ERR (3): Warning: simplexml_load_string():                     ^  in C:\xampp\htdocs\onlinesales\lib\Varien\Simplexml\Config.php on line 510
2014-05-05T10:14:31+00:00 ERR (3): Warning: simplexml_load_string(): Entity: line 15: parser error : Opening and ending tag mismatch: family line 10 and mymod  in C:\xampp\htdocs\onlinesales\lib\Varien\Simplexml\Config.php on line 510
2014-05-05T10:14:31+00:00 ERR (3): Warning: simplexml_load_string():             &lt;/mymod&gt;  in C:\xampp\htdocs\onlinesales\lib\Varien\Simplexml\Config.php on line 510
2014-05-05T10:14:31+00:00 ERR (3): Warning: simplexml_load_string():                     ^  in C:\xampp\htdocs\onlinesales\lib\Varien\Simplexml\Config.php on line 510
2014-05-05T10:20:09+00:00 ERR (3): Warning: simplexml_load_string(): Entity: line 15: parser error : Opening and ending tag mismatch: family line 10 and mymod  in C:\xampp\htdocs\onlinesales\lib\Varien\Simplexml\Config.php on line 510
2014-05-05T10:20:09+00:00 ERR (3): Warning: simplexml_load_string():             &lt;/mymod&gt;  in C:\xampp\htdocs\onlinesales\lib\Varien\Simplexml\Config.php on line 510
2014-05-05T10:20:09+00:00 ERR (3): Warning: simplexml_load_string():                     ^  in C:\xampp\htdocs\onlinesales\lib\Varien\Simplexml\Config.php on line 510
2014-05-05T10:20:54+00:00 ERR (3): Warning: simplexml_load_string(): Entity: line 15: parser error : Opening and ending tag mismatch: family line 10 and mymod  in C:\xampp\htdocs\onlinesales\lib\Varien\Simplexml\Config.php on line 510
2014-05-05T10:20:54+00:00 ERR (3): Warning: simplexml_load_string():             &lt;/mymod&gt;  in C:\xampp\htdocs\onlinesales\lib\Varien\Simplexml\Config.php on line 510
2014-05-05T10:20:54+00:00 ERR (3): Warning: simplexml_load_string():                     ^  in C:\xampp\htdocs\onlinesales\lib\Varien\Simplexml\Config.php on line 510
2014-05-05T10:27:27+00:00 ERR (3): Warning: simplexml_load_string(): Entity: line 15: parser error : Opening and ending tag mismatch: family line 10 and mymod  in C:\xampp\htdocs\onlinesales\lib\Varien\Simplexml\Config.php on line 510
2014-05-05T10:27:27+00:00 ERR (3): Warning: simplexml_load_string():             &lt;/mymod&gt;  in C:\xampp\htdocs\onlinesales\lib\Varien\Simplexml\Config.php on line 510
2014-05-05T10:27:27+00:00 ERR (3): Warning: simplexml_load_string():                     ^  in C:\xampp\htdocs\onlinesales\lib\Varien\Simplexml\Config.php on line 510
2014-05-05T10:27:38+00:00 ERR (3): Warning: simplexml_load_string(): Entity: line 15: parser error : Opening and ending tag mismatch: family line 10 and mymod  in C:\xampp\htdocs\onlinesales\lib\Varien\Simplexml\Config.php on line 510
2014-05-05T10:27:38+00:00 ERR (3): Warning: simplexml_load_string():             &lt;/mymod&gt;  in C:\xampp\htdocs\onlinesales\lib\Varien\Simplexml\Config.php on line 510
2014-05-05T10:27:38+00:00 ERR (3): Warning: simplexml_load_string():                     ^  in C:\xampp\htdocs\onlinesales\lib\Varien\Simplexml\Config.php on line 510
2014-05-05T10:27:49+00:00 ERR (3): Warning: simplexml_load_string(): Entity: line 15: parser error : Opening and ending tag mismatch: family line 10 and mymod  in C:\xampp\htdocs\onlinesales\lib\Varien\Simplexml\Config.php on line 510
2014-05-05T10:27:49+00:00 ERR (3): Warning: simplexml_load_string():             &lt;/mymod&gt;  in C:\xampp\htdocs\onlinesales\lib\Varien\Simplexml\Config.php on line 510
2014-05-05T10:27:49+00:00 ERR (3): Warning: simplexml_load_string():                     ^  in C:\xampp\htdocs\onlinesales\lib\Varien\Simplexml\Config.php on line 510
2014-05-05T10:27:51+00:00 ERR (3): Warning: simplexml_load_string(): Entity: line 15: parser error : Opening and ending tag mismatch: family line 10 and mymod  in C:\xampp\htdocs\onlinesales\lib\Varien\Simplexml\Config.php on line 510
2014-05-05T10:27:51+00:00 ERR (3): Warning: simplexml_load_string():             &lt;/mymod&gt;  in C:\xampp\htdocs\onlinesales\lib\Varien\Simplexml\Config.php on line 510
2014-05-05T10:27:51+00:00 ERR (3): Warning: simplexml_load_string():                     ^  in C:\xampp\htdocs\onlinesales\lib\Varien\Simplexml\Config.php on line 510
2014-05-05T10:27:57+00:00 ERR (3): Warning: simplexml_load_string(): Entity: line 15: parser error : Opening and ending tag mismatch: family line 10 and mymod  in C:\xampp\htdocs\onlinesales\lib\Varien\Simplexml\Config.php on line 510
2014-05-05T10:27:57+00:00 ERR (3): Warning: simplexml_load_string():             &lt;/mymod&gt;  in C:\xampp\htdocs\onlinesales\lib\Varien\Simplexml\Config.php on line 510
2014-05-05T10:27:57+00:00 ERR (3): Warning: simplexml_load_string():                     ^  in C:\xampp\htdocs\onlinesales\lib\Varien\Simplexml\Config.php on line 510
2014-05-05T10:28:29+00:00 ERR (3): Warning: simplexml_load_string(): Entity: line 15: parser error : Opening and ending tag mismatch: family line 10 and mymod  in C:\xampp\htdocs\onlinesales\lib\Varien\Simplexml\Config.php on line 510
2014-05-05T10:28:29+00:00 ERR (3): Warning: simplexml_load_string():             &lt;/mymod&gt;  in C:\xampp\htdocs\onlinesales\lib\Varien\Simplexml\Config.php on line 510
2014-05-05T10:28:29+00:00 ERR (3): Warning: simplexml_load_string():                     ^  in C:\xampp\htdocs\onlinesales\lib\Varien\Simplexml\Config.php on line 510
2014-05-05T10:28:36+00:00 ERR (3): Warning: simplexml_load_string(): Entity: line 15: parser error : Opening and ending tag mismatch: family line 10 and mymod  in C:\xampp\htdocs\onlinesales\lib\Varien\Simplexml\Config.php on line 510
2014-05-05T10:28:36+00:00 ERR (3): Warning: simplexml_load_string():             &lt;/mymod&gt;  in C:\xampp\htdocs\onlinesales\lib\Varien\Simplexml\Config.php on line 510
2014-05-05T10:28:36+00:00 ERR (3): Warning: simplexml_load_string():                     ^  in C:\xampp\htdocs\onlinesales\lib\Varien\Simplexml\Config.php on line 510
2014-05-05T10:28:36+00:00 ERR (3): Warning: simplexml_load_string(): Entity: line 15: parser error : Opening and ending tag mismatch: family line 10 and mymod  in C:\xampp\htdocs\onlinesales\lib\Varien\Simplexml\Config.php on line 510
2014-05-05T10:28:36+00:00 ERR (3): Warning: simplexml_load_string():             &lt;/mymod&gt;  in C:\xampp\htdocs\onlinesales\lib\Varien\Simplexml\Config.php on line 510
2014-05-05T10:28:36+00:00 ERR (3): Warning: simplexml_load_string():                     ^  in C:\xampp\htdocs\onlinesales\lib\Varien\Simplexml\Config.php on line 510
2014-05-05T10:28:37+00:00 ERR (3): Warning: simplexml_load_string(): Entity: line 15: parser error : Opening and ending tag mismatch: family line 10 and mymod  in C:\xampp\htdocs\onlinesales\lib\Varien\Simplexml\Config.php on line 510
2014-05-05T10:28:37+00:00 ERR (3): Warning: simplexml_load_string():             &lt;/mymod&gt;  in C:\xampp\htdocs\onlinesales\lib\Varien\Simplexml\Config.php on line 510
2014-05-05T10:28:37+00:00 ERR (3): Warning: simplexml_load_string():                     ^  in C:\xampp\htdocs\onlinesales\lib\Varien\Simplexml\Config.php on line 510
2014-05-05T10:28:37+00:00 ERR (3): Warning: simplexml_load_string(): Entity: line 15: parser error : Opening and ending tag mismatch: family line 10 and mymod  in C:\xampp\htdocs\onlinesales\lib\Varien\Simplexml\Config.php on line 510
2014-05-05T10:28:37+00:00 ERR (3): Warning: simplexml_load_string():             &lt;/mymod&gt;  in C:\xampp\htdocs\onlinesales\lib\Varien\Simplexml\Config.php on line 510
2014-05-05T10:28:37+00:00 ERR (3): Warning: simplexml_load_string():                     ^  in C:\xampp\htdocs\onlinesales\lib\Varien\Simplexml\Config.php on line 510
2014-05-05T10:28:43+00:00 ERR (3): Warning: simplexml_load_string(): Entity: line 15: parser error : Opening and ending tag mismatch: family line 10 and mymod  in C:\xampp\htdocs\onlinesales\lib\Varien\Simplexml\Config.php on line 510
2014-05-05T10:28:43+00:00 ERR (3): Warning: simplexml_load_string():             &lt;/mymod&gt;  in C:\xampp\htdocs\onlinesales\lib\Varien\Simplexml\Config.php on line 510
2014-05-05T10:28:43+00:00 ERR (3): Warning: simplexml_load_string():                     ^  in C:\xampp\htdocs\onlinesales\lib\Varien\Simplexml\Config.php on line 510
2014-05-05T10:28:56+00:00 ERR (3): Warning: simplexml_load_string(): Entity: line 15: parser error : Opening and ending tag mismatch: family line 10 and mymod  in C:\xampp\htdocs\onlinesales\lib\Varien\Simplexml\Config.php on line 510
2014-05-05T10:28:56+00:00 ERR (3): Warning: simplexml_load_string():             &lt;/mymod&gt;  in C:\xampp\htdocs\onlinesales\lib\Varien\Simplexml\Config.php on line 510
2014-05-05T10:28:56+00:00 ERR (3): Warning: simplexml_load_string():                     ^  in C:\xampp\htdocs\onlinesales\lib\Varien\Simplexml\Config.php on line 510
2014-05-05T10:28:57+00:00 ERR (3): Warning: simplexml_load_string(): Entity: line 15: parser error : Opening and ending tag mismatch: family line 10 and mymod  in C:\xampp\htdocs\onlinesales\lib\Varien\Simplexml\Config.php on line 510
2014-05-05T10:28:57+00:00 ERR (3): Warning: simplexml_load_string():             &lt;/mymod&gt;  in C:\xampp\htdocs\onlinesales\lib\Varien\Simplexml\Config.php on line 510
2014-05-05T10:28:57+00:00 ERR (3): Warning: simplexml_load_string():                     ^  in C:\xampp\htdocs\onlinesales\lib\Varien\Simplexml\Config.php on line 510
2014-05-05T10:28:58+00:00 ERR (3): Warning: simplexml_load_string(): Entity: line 15: parser error : Opening and ending tag mismatch: family line 10 and mymod  in C:\xampp\htdocs\onlinesales\lib\Varien\Simplexml\Config.php on line 510
2014-05-05T10:28:58+00:00 ERR (3): Warning: simplexml_load_string():             &lt;/mymod&gt;  in C:\xampp\htdocs\onlinesales\lib\Varien\Simplexml\Config.php on line 510
2014-05-05T10:28:58+00:00 ERR (3): Warning: simplexml_load_string():                     ^  in C:\xampp\htdocs\onlinesales\lib\Varien\Simplexml\Config.php on line 510
2014-05-05T10:31:25+00:00 ERR (3): Warning: simplexml_load_string(): Entity: line 15: parser error : Opening and ending tag mismatch: family line 10 and mymod  in C:\xampp\htdocs\onlinesales\lib\Varien\Simplexml\Config.php on line 510
2014-05-05T10:31:25+00:00 ERR (3): Warning: simplexml_load_string():             &lt;/mymod&gt;  in C:\xampp\htdocs\onlinesales\lib\Varien\Simplexml\Config.php on line 510
2014-05-05T10:31:25+00:00 ERR (3): Warning: simplexml_load_string():                     ^  in C:\xampp\htdocs\onlinesales\lib\Varien\Simplexml\Config.php on line 510
2014-05-05T10:31:30+00:00 ERR (3): Warning: simplexml_load_string(): Entity: line 15: parser error : Opening and ending tag mismatch: family line 10 and mymod  in C:\xampp\htdocs\onlinesales\lib\Varien\Simplexml\Config.php on line 510
2014-05-05T10:31:30+00:00 ERR (3): Warning: simplexml_load_string():             &lt;/mymod&gt;  in C:\xampp\htdocs\onlinesales\lib\Varien\Simplexml\Config.php on line 510
2014-05-05T10:31:30+00:00 ERR (3): Warning: simplexml_load_string():                     ^  in C:\xampp\htdocs\onlinesales\lib\Varien\Simplexml\Config.php on line 510
2014-05-05T10:31:31+00:00 ERR (3): Warning: simplexml_load_string(): Entity: line 15: parser error : Opening and ending tag mismatch: family line 10 and mymod  in C:\xampp\htdocs\onlinesales\lib\Varien\Simplexml\Config.php on line 510
2014-05-05T10:31:31+00:00 ERR (3): Warning: simplexml_load_string():             &lt;/mymod&gt;  in C:\xampp\htdocs\onlinesales\lib\Varien\Simplexml\Config.php on line 510
2014-05-05T10:31:31+00:00 ERR (3): Warning: simplexml_load_string():                     ^  in C:\xampp\htdocs\onlinesales\lib\Varien\Simplexml\Config.php on line 510
2014-05-05T10:31:41+00:00 ERR (3): Warning: simplexml_load_string(): Entity: line 15: parser error : Opening and ending tag mismatch: family line 10 and mymod  in C:\xampp\htdocs\onlinesales\lib\Varien\Simplexml\Config.php on line 510
2014-05-05T10:31:41+00:00 ERR (3): Warning: simplexml_load_string():             &lt;/mymod&gt;  in C:\xampp\htdocs\onlinesales\lib\Varien\Simplexml\Config.php on line 510
2014-05-05T10:31:41+00:00 ERR (3): Warning: simplexml_load_string():                     ^  in C:\xampp\htdocs\onlinesales\lib\Varien\Simplexml\Config.php on line 510
2014-05-05T10:31:45+00:00 ERR (3): Warning: simplexml_load_string(): Entity: line 15: parser error : Opening and ending tag mismatch: family line 10 and mymod  in C:\xampp\htdocs\onlinesales\lib\Varien\Simplexml\Config.php on line 510
2014-05-05T10:31:45+00:00 ERR (3): Warning: simplexml_load_string():             &lt;/mymod&gt;  in C:\xampp\htdocs\onlinesales\lib\Varien\Simplexml\Config.php on line 510
2014-05-05T10:31:45+00:00 ERR (3): Warning: simplexml_load_string():                     ^  in C:\xampp\htdocs\onlinesales\lib\Varien\Simplexml\Config.php on line 510
2014-05-05T10:31:45+00:00 ERR (3): Warning: simplexml_load_string(): Entity: line 15: parser error : Opening and ending tag mismatch: family line 10 and mymod  in C:\xampp\htdocs\onlinesales\lib\Varien\Simplexml\Config.php on line 510
2014-05-05T10:31:45+00:00 ERR (3): Warning: simplexml_load_string():             &lt;/mymod&gt;  in C:\xampp\htdocs\onlinesales\lib\Varien\Simplexml\Config.php on line 510
2014-05-05T10:31:45+00:00 ERR (3): Warning: simplexml_load_string():                     ^  in C:\xampp\htdocs\onlinesales\lib\Varien\Simplexml\Config.php on line 510
2014-05-05T10:33:05+00:00 ERR (3): Warning: simplexml_load_string(): Entity: line 15: parser error : Opening and ending tag mismatch: family line 10 and mymod  in C:\xampp\htdocs\onlinesales\lib\Varien\Simplexml\Config.php on line 510
2014-05-05T10:33:05+00:00 ERR (3): Warning: simplexml_load_string():             &lt;/mymod&gt;  in C:\xampp\htdocs\onlinesales\lib\Varien\Simplexml\Config.php on line 510
2014-05-05T10:33:05+00:00 ERR (3): Warning: simplexml_load_string():                     ^  in C:\xampp\htdocs\onlinesales\lib\Varien\Simplexml\Config.php on line 510
2014-05-05T10:33:10+00:00 ERR (3): Warning: simplexml_load_string(): Entity: line 15: parser error : Opening and ending tag mismatch: family line 10 and mymod  in C:\xampp\htdocs\onlinesales\lib\Varien\Simplexml\Config.php on line 510
2014-05-05T10:33:10+00:00 ERR (3): Warning: simplexml_load_string():             &lt;/mymod&gt;  in C:\xampp\htdocs\onlinesales\lib\Varien\Simplexml\Config.php on line 510
2014-05-05T10:33:10+00:00 ERR (3): Warning: simplexml_load_string():                     ^  in C:\xampp\htdocs\onlinesales\lib\Varien\Simplexml\Config.php on line 510
2014-05-05T10:33:10+00:00 ERR (3): Warning: simplexml_load_string(): Entity: line 15: parser error : Opening and ending tag mismatch: family line 10 and mymod  in C:\xampp\htdocs\onlinesales\lib\Varien\Simplexml\Config.php on line 510
2014-05-05T10:33:10+00:00 ERR (3): Warning: simplexml_load_string():             &lt;/mymod&gt;  in C:\xampp\htdocs\onlinesales\lib\Varien\Simplexml\Config.php on line 510
2014-05-05T10:33:10+00:00 ERR (3): Warning: simplexml_load_string():                     ^  in C:\xampp\htdocs\onlinesales\lib\Varien\Simplexml\Config.php on line 510
2014-05-05T10:33:16+00:00 ERR (3): Warning: simplexml_load_string(): Entity: line 15: parser error : Opening and ending tag mismatch: family line 10 and mymod  in C:\xampp\htdocs\onlinesales\lib\Varien\Simplexml\Config.php on line 510
2014-05-05T10:33:16+00:00 ERR (3): Warning: simplexml_load_string():             &lt;/mymod&gt;  in C:\xampp\htdocs\onlinesales\lib\Varien\Simplexml\Config.php on line 510
2014-05-05T10:33:16+00:00 ERR (3): Warning: simplexml_load_string():                     ^  in C:\xampp\htdocs\onlinesales\lib\Varien\Simplexml\Config.php on line 510
2014-05-05T10:33:21+00:00 ERR (3): Warning: simplexml_load_string(): Entity: line 15: parser error : Opening and ending tag mismatch: family line 10 and mymod  in C:\xampp\htdocs\onlinesales\lib\Varien\Simplexml\Config.php on line 510
2014-05-05T10:33:21+00:00 ERR (3): Warning: simplexml_load_string():             &lt;/mymod&gt;  in C:\xampp\htdocs\onlinesales\lib\Varien\Simplexml\Config.php on line 510
2014-05-05T10:33:21+00:00 ERR (3): Warning: simplexml_load_string():                     ^  in C:\xampp\htdocs\onlinesales\lib\Varien\Simplexml\Config.php on line 510
2014-05-05T10:33:21+00:00 ERR (3): Warning: simplexml_load_string(): Entity: line 15: parser error : Opening and ending tag mismatch: family line 10 and mymod  in C:\xampp\htdocs\onlinesales\lib\Varien\Simplexml\Config.php on line 510
2014-05-05T10:33:21+00:00 ERR (3): Warning: simplexml_load_string():             &lt;/mymod&gt;  in C:\xampp\htdocs\onlinesales\lib\Varien\Simplexml\Config.php on line 510
2014-05-05T10:33:21+00:00 ERR (3): Warning: simplexml_load_string():                     ^  in C:\xampp\htdocs\onlinesales\lib\Varien\Simplexml\Config.php on line 510
2014-05-05T10:34:29+00:00 ERR (3): Warning: simplexml_load_string(): Entity: line 15: parser error : Opening and ending tag mismatch: family line 10 and mymod  in C:\xampp\htdocs\onlinesales\lib\Varien\Simplexml\Config.php on line 510
2014-05-05T10:34:29+00:00 ERR (3): Warning: simplexml_load_string():             &lt;/mymod&gt;  in C:\xampp\htdocs\onlinesales\lib\Varien\Simplexml\Config.php on line 510
2014-05-05T10:34:29+00:00 ERR (3): Warning: simplexml_load_string():                     ^  in C:\xampp\htdocs\onlinesales\lib\Varien\Simplexml\Config.php on line 510
2014-05-05T10:34:34+00:00 ERR (3): Warning: simplexml_load_string(): Entity: line 15: parser error : Opening and ending tag mismatch: family line 10 and mymod  in C:\xampp\htdocs\onlinesales\lib\Varien\Simplexml\Config.php on line 510
2014-05-05T10:34:34+00:00 ERR (3): Warning: simplexml_load_string():             &lt;/mymod&gt;  in C:\xampp\htdocs\onlinesales\lib\Varien\Simplexml\Config.php on line 510
2014-05-05T10:34:34+00:00 ERR (3): Warning: simplexml_load_string():                     ^  in C:\xampp\htdocs\onlinesales\lib\Varien\Simplexml\Config.php on line 510
2014-05-05T10:34:34+00:00 ERR (3): Warning: simplexml_load_string(): Entity: line 15: parser error : Opening and ending tag mismatch: family line 10 and mymod  in C:\xampp\htdocs\onlinesales\lib\Varien\Simplexml\Config.php on line 510
2014-05-05T10:34:34+00:00 ERR (3): Warning: simplexml_load_string():             &lt;/mymod&gt;  in C:\xampp\htdocs\onlinesales\lib\Varien\Simplexml\Config.php on line 510
2014-05-05T10:34:34+00:00 ERR (3): Warning: simplexml_load_string():                     ^  in C:\xampp\htdocs\onlinesales\lib\Varien\Simplexml\Config.php on line 510
2014-05-05T10:36:28+00:00 ERR (3): Warning: simplexml_load_string(): Entity: line 15: parser error : Opening and ending tag mismatch: family line 10 and mymod  in C:\xampp\htdocs\onlinesales\lib\Varien\Simplexml\Config.php on line 510
2014-05-05T10:36:28+00:00 ERR (3): Warning: simplexml_load_string():             &lt;/mymod&gt;  in C:\xampp\htdocs\onlinesales\lib\Varien\Simplexml\Config.php on line 510
2014-05-05T10:36:28+00:00 ERR (3): Warning: simplexml_load_string():                     ^  in C:\xampp\htdocs\onlinesales\lib\Varien\Simplexml\Config.php on line 510
2014-05-05T10:36:33+00:00 ERR (3): Warning: simplexml_load_string(): Entity: line 15: parser error : Opening and ending tag mismatch: family line 10 and mymod  in C:\xampp\htdocs\onlinesales\lib\Varien\Simplexml\Config.php on line 510
2014-05-05T10:36:33+00:00 ERR (3): Warning: simplexml_load_string():             &lt;/mymod&gt;  in C:\xampp\htdocs\onlinesales\lib\Varien\Simplexml\Config.php on line 510
2014-05-05T10:36:33+00:00 ERR (3): Warning: simplexml_load_string():                     ^  in C:\xampp\htdocs\onlinesales\lib\Varien\Simplexml\Config.php on line 510
2014-05-05T10:36:34+00:00 ERR (3): Warning: simplexml_load_string(): Entity: line 15: parser error : Opening and ending tag mismatch: family line 10 and mymod  in C:\xampp\htdocs\onlinesales\lib\Varien\Simplexml\Config.php on line 510
2014-05-05T10:36:34+00:00 ERR (3): Warning: simplexml_load_string():             &lt;/mymod&gt;  in C:\xampp\htdocs\onlinesales\lib\Varien\Simplexml\Config.php on line 510
2014-05-05T10:36:34+00:00 ERR (3): Warning: simplexml_load_string():                     ^  in C:\xampp\htdocs\onlinesales\lib\Varien\Simplexml\Config.php on line 510
2014-05-05T10:37:25+00:00 ERR (3): Warning: simplexml_load_string(): Entity: line 15: parser error : Opening and ending tag mismatch: family line 10 and mymod  in C:\xampp\htdocs\onlinesales\lib\Varien\Simplexml\Config.php on line 510
2014-05-05T10:37:25+00:00 ERR (3): Warning: simplexml_load_string():             &lt;/mymod&gt;  in C:\xampp\htdocs\onlinesales\lib\Varien\Simplexml\Config.php on line 510
2014-05-05T10:37:25+00:00 ERR (3): Warning: simplexml_load_string():                     ^  in C:\xampp\htdocs\onlinesales\lib\Varien\Simplexml\Config.php on line 510
2014-05-05T10:37:31+00:00 ERR (3): Warning: simplexml_load_string(): Entity: line 15: parser error : Opening and ending tag mismatch: family line 10 and mymod  in C:\xampp\htdocs\onlinesales\lib\Varien\Simplexml\Config.php on line 510
2014-05-05T10:37:31+00:00 ERR (3): Warning: simplexml_load_string():             &lt;/mymod&gt;  in C:\xampp\htdocs\onlinesales\lib\Varien\Simplexml\Config.php on line 510
2014-05-05T10:37:31+00:00 ERR (3): Warning: simplexml_load_string():                     ^  in C:\xampp\htdocs\onlinesales\lib\Varien\Simplexml\Config.php on line 510
2014-05-08T08:00:46+00:00 ERR (3): Warning: simplexml_load_string(): Entity: line 2: parser error : Start tag expected, '&lt;' not found  in C:\xampp\htdocs\onlinesales\lib\Varien\Simplexml\Config.php on line 510
2014-05-08T08:00:46+00:00 ERR (3): Warning: simplexml_load_string(): 2	&lt;config&gt;  in C:\xampp\htdocs\onlinesales\lib\Varien\Simplexml\Config.php on line 510
2014-05-08T08:00:46+00:00 ERR (3): Warning: simplexml_load_string(): ^  in C:\xampp\htdocs\onlinesales\lib\Varien\Simplexml\Config.php on line 510
2014-05-08T08:00:48+00:00 ERR (3): Warning: simplexml_load_string(): Entity: line 2: parser error : Start tag expected, '&lt;' not found  in C:\xampp\htdocs\onlinesales\lib\Varien\Simplexml\Config.php on line 510
2014-05-08T08:00:48+00:00 ERR (3): Warning: simplexml_load_string(): 2	&lt;config&gt;  in C:\xampp\htdocs\onlinesales\lib\Varien\Simplexml\Config.php on line 510
2014-05-08T08:00:48+00:00 ERR (3): Warning: simplexml_load_string(): ^  in C:\xampp\htdocs\onlinesales\lib\Varien\Simplexml\Config.php on line 510
2014-05-08T08:01:00+00:00 ERR (3): Warning: simplexml_load_string(): Entity: line 2: parser error : Start tag expected, '&lt;' not found  in C:\xampp\htdocs\onlinesales\lib\Varien\Simplexml\Config.php on line 510
2014-05-08T08:01:00+00:00 ERR (3): Warning: simplexml_load_string(): 2	&lt;config&gt;  in C:\xampp\htdocs\onlinesales\lib\Varien\Simplexml\Config.php on line 510
2014-05-08T08:01:00+00:00 ERR (3): Warning: simplexml_load_string(): ^  in C:\xampp\htdocs\onlinesales\lib\Varien\Simplexml\Config.php on line 510
2014-05-08T08:01:04+00:00 ERR (3): Warning: simplexml_load_string(): Entity: line 2: parser error : Start tag expected, '&lt;' not found  in C:\xampp\htdocs\onlinesales\lib\Varien\Simplexml\Config.php on line 510
2014-05-08T08:01:04+00:00 ERR (3): Warning: simplexml_load_string(): 2	&lt;config&gt;  in C:\xampp\htdocs\onlinesales\lib\Varien\Simplexml\Config.php on line 510
2014-05-08T08:01:04+00:00 ERR (3): Warning: simplexml_load_string(): ^  in C:\xampp\htdocs\onlinesales\lib\Varien\Simplexml\Config.php on line 510
2014-05-08T08:01:14+00:00 ERR (3): Warning: simplexml_load_string(): Entity: line 2: parser error : Start tag expected, '&lt;' not found  in C:\xampp\htdocs\onlinesales\lib\Varien\Simplexml\Config.php on line 510
2014-05-08T08:01:14+00:00 ERR (3): Warning: simplexml_load_string(): 2	&lt;config&gt;  in C:\xampp\htdocs\onlinesales\lib\Varien\Simplexml\Config.php on line 510
2014-05-08T08:01:14+00:00 ERR (3): Warning: simplexml_load_string(): ^  in C:\xampp\htdocs\onlinesales\lib\Varien\Simplexml\Config.php on line 510
2014-05-08T08:01:18+00:00 ERR (3): Warning: simplexml_load_string(): Entity: line 2: parser error : Start tag expected, '&lt;' not found  in C:\xampp\htdocs\onlinesales\lib\Varien\Simplexml\Config.php on line 510
2014-05-08T08:01:18+00:00 ERR (3): Warning: simplexml_load_string(): 2	&lt;config&gt;  in C:\xampp\htdocs\onlinesales\lib\Varien\Simplexml\Config.php on line 510
2014-05-08T08:01:18+00:00 ERR (3): Warning: simplexml_load_string(): ^  in C:\xampp\htdocs\onlinesales\lib\Varien\Simplexml\Config.php on line 510
2014-05-08T08:01:18+00:00 ERR (3): Warning: simplexml_load_string(): Entity: line 2: parser error : Start tag expected, '&lt;' not found  in C:\xampp\htdocs\onlinesales\lib\Varien\Simplexml\Config.php on line 510
2014-05-08T08:01:18+00:00 ERR (3): Warning: simplexml_load_string(): 2	&lt;config&gt;  in C:\xampp\htdocs\onlinesales\lib\Varien\Simplexml\Config.php on line 510
2014-05-08T08:01:18+00:00 ERR (3): Warning: simplexml_load_string(): ^  in C:\xampp\htdocs\onlinesales\lib\Varien\Simplexml\Config.php on line 510
2014-05-08T08:01:31+00:00 ERR (3): Warning: simplexml_load_string(): Entity: line 2: parser error : Start tag expected, '&lt;' not found  in C:\xampp\htdocs\onlinesales\lib\Varien\Simplexml\Config.php on line 510
2014-05-08T08:01:31+00:00 ERR (3): Warning: simplexml_load_string(): 2	&lt;config&gt;  in C:\xampp\htdocs\onlinesales\lib\Varien\Simplexml\Config.php on line 510
2014-05-08T08:01:31+00:00 ERR (3): Warning: simplexml_load_string(): ^  in C:\xampp\htdocs\onlinesales\lib\Varien\Simplexml\Config.php on line 510
2014-05-08T08:01:39+00:00 ERR (3): Warning: simplexml_load_string(): Entity: line 2: parser error : Start tag expected, '&lt;' not found  in C:\xampp\htdocs\onlinesales\lib\Varien\Simplexml\Config.php on line 510
2014-05-08T08:01:39+00:00 ERR (3): Warning: simplexml_load_string(): 2	&lt;config&gt;  in C:\xampp\htdocs\onlinesales\lib\Varien\Simplexml\Config.php on line 510
2014-05-08T08:01:39+00:00 ERR (3): Warning: simplexml_load_string(): ^  in C:\xampp\htdocs\onlinesales\lib\Varien\Simplexml\Config.php on line 510
2014-05-08T08:01:43+00:00 ERR (3): Warning: simplexml_load_string(): Entity: line 2: parser error : Start tag expected, '&lt;' not found  in C:\xampp\htdocs\onlinesales\lib\Varien\Simplexml\Config.php on line 510
2014-05-08T08:01:43+00:00 ERR (3): Warning: simplexml_load_string(): 2	&lt;config&gt;  in C:\xampp\htdocs\onlinesales\lib\Varien\Simplexml\Config.php on line 510
2014-05-08T08:01:43+00:00 ERR (3): Warning: simplexml_load_string(): ^  in C:\xampp\htdocs\onlinesales\lib\Varien\Simplexml\Config.php on line 510
2014-05-08T08:01:43+00:00 ERR (3): Warning: simplexml_load_string(): Entity: line 2: parser error : Start tag expected, '&lt;' not found  in C:\xampp\htdocs\onlinesales\lib\Varien\Simplexml\Config.php on line 510
2014-05-08T08:01:43+00:00 ERR (3): Warning: simplexml_load_string(): 2	&lt;config&gt;  in C:\xampp\htdocs\onlinesales\lib\Varien\Simplexml\Config.php on line 510
2014-05-08T08:01:43+00:00 ERR (3): Warning: simplexml_load_string(): ^  in C:\xampp\htdocs\onlinesales\lib\Varien\Simplexml\Config.php on line 510
2014-05-08T08:02:04+00:00 ERR (3): Warning: simplexml_load_string(): Entity: line 2: parser error : Start tag expected, '&lt;' not found  in C:\xampp\htdocs\onlinesales\lib\Varien\Simplexml\Config.php on line 510
2014-05-08T08:02:04+00:00 ERR (3): Warning: simplexml_load_string(): 2	&lt;config&gt;  in C:\xampp\htdocs\onlinesales\lib\Varien\Simplexml\Config.php on line 510
2014-05-08T08:02:04+00:00 ERR (3): Warning: simplexml_load_string(): ^  in C:\xampp\htdocs\onlinesales\lib\Varien\Simplexml\Config.php on line 510
2014-05-08T08:02:11+00:00 ERR (3): Warning: simplexml_load_string(): Entity: line 2: parser error : Start tag expected, '&lt;' not found  in C:\xampp\htdocs\onlinesales\lib\Varien\Simplexml\Config.php on line 510
2014-05-08T08:02:11+00:00 ERR (3): Warning: simplexml_load_string(): 2	&lt;config&gt;  in C:\xampp\htdocs\onlinesales\lib\Varien\Simplexml\Config.php on line 510
2014-05-08T08:02:11+00:00 ERR (3): Warning: simplexml_load_string(): ^  in C:\xampp\htdocs\onlinesales\lib\Varien\Simplexml\Config.php on line 510
2014-05-08T08:02:16+00:00 ERR (3): Warning: simplexml_load_string(): Entity: line 2: parser error : Start tag expected, '&lt;' not found  in C:\xampp\htdocs\onlinesales\lib\Varien\Simplexml\Config.php on line 510
2014-05-08T08:02:16+00:00 ERR (3): Warning: simplexml_load_string(): 2	&lt;config&gt;  in C:\xampp\htdocs\onlinesales\lib\Varien\Simplexml\Config.php on line 510
2014-05-08T08:02:16+00:00 ERR (3): Warning: simplexml_load_string(): ^  in C:\xampp\htdocs\onlinesales\lib\Varien\Simplexml\Config.php on line 510
2014-05-08T08:02:16+00:00 ERR (3): Warning: simplexml_load_string(): Entity: line 2: parser error : Start tag expected, '&lt;' not found  in C:\xampp\htdocs\onlinesales\lib\Varien\Simplexml\Config.php on line 510
2014-05-08T08:02:16+00:00 ERR (3): Warning: simplexml_load_string(): 2	&lt;config&gt;  in C:\xampp\htdocs\onlinesales\lib\Varien\Simplexml\Config.php on line 510
2014-05-08T08:02:16+00:00 ERR (3): Warning: simplexml_load_string(): ^  in C:\xampp\htdocs\onlinesales\lib\Varien\Simplexml\Config.php on line 510
